Installing basic packages in Lubuntu 19.10
Paketlisten werden gelesen...
Abhängigkeitsbaum wird aufgebaut....
Statusinformationen werden eingelesen....
Lesen der erweiterten Statusinformationen...
Initialisieren des Paketstatus'...
Schreiben der erweiterten Statusinformationen...
Erzeugen der Tag-Datenbank...
»libzip-dev« ist bereits in der angeforderten Version (1.5.1-0ubuntu1) installiert.
»libzip-dev« ist bereits in der angeforderten Version (1.5.1-0ubuntu1) installiert.
Es werden keine Pakete installiert, aktualisiert oder entfernt.
0 Pakete aktualisiert, 0 zusätzlich installiert, 0 werden entfernt und 10 nicht aktualisiert.
0 B an Archiven müssen heruntergeladen werden. Nach dem Entpacken werden 0 B zusätzlich belegt sein.
Schreiben der erweiterten Statusinformationen...
Paketlisten werden gelesen...
Abhängigkeitsbaum wird aufgebaut....
Statusinformationen werden eingelesen....
Lesen der erweiterten Statusinformationen...
Initialisieren des Paketstatus'...
Schreiben der erweiterten Statusinformationen...
Erzeugen der Tag-Datenbank...
Paketlisten werden gelesen...
Abhängigkeitsbaum wird aufgebaut....
Statusinformationen werden eingelesen....
Lesen der erweiterten Statusinformationen...
Initialisieren des Paketstatus'...
Schreiben der erweiterten Statusinformationen...
Erzeugen der Tag-Datenbank...
»libbz2-dev« ist bereits in der angeforderten Version (1.0.8-2) installiert.
»libbz2-dev« ist bereits in der angeforderten Version (1.0.8-2) installiert.
Es werden keine Pakete installiert, aktualisiert oder entfernt.
0 Pakete aktualisiert, 0 zusätzlich installiert, 0 werden entfernt und 10 nicht aktualisiert.
0 B an Archiven müssen heruntergeladen werden. Nach dem Entpacken werden 0 B zusätzlich belegt sein.
Schreiben der erweiterten Statusinformationen...
Paketlisten werden gelesen...
Abhängigkeitsbaum wird aufgebaut....
Statusinformationen werden eingelesen....
Lesen der erweiterten Statusinformationen...
Initialisieren des Paketstatus'...
Schreiben der erweiterten Statusinformationen...
Erzeugen der Tag-Datenbank...
Paketlisten werden gelesen...
Abhängigkeitsbaum wird aufgebaut....
Statusinformationen werden eingelesen....
Lesen der erweiterten Statusinformationen...
Initialisieren des Paketstatus'...
Schreiben der erweiterten Statusinformationen...
Erzeugen der Tag-Datenbank...
»liblzma-dev« ist bereits in der angeforderten Version (5.2.4-1) installiert.
»liblzma-dev« ist bereits in der angeforderten Version (5.2.4-1) installiert.
Es werden keine Pakete installiert, aktualisiert oder entfernt.
0 Pakete aktualisiert, 0 zusätzlich installiert, 0 werden entfernt und 10 nicht aktualisiert.
0 B an Archiven müssen heruntergeladen werden. Nach dem Entpacken werden 0 B zusätzlich belegt sein.
Schreiben der erweiterten Statusinformationen...
Paketlisten werden gelesen...
Abhängigkeitsbaum wird aufgebaut....
Statusinformationen werden eingelesen....
Lesen der erweiterten Statusinformationen...
Initialisieren des Paketstatus'...
Schreiben der erweiterten Statusinformationen...
Erzeugen der Tag-Datenbank...
Paketlisten werden gelesen...
Abhängigkeitsbaum wird aufgebaut....
Statusinformationen werden eingelesen....
Lesen der erweiterten Statusinformationen...
Initialisieren des Paketstatus'...
Schreiben der erweiterten Statusinformationen...
Erzeugen der Tag-Datenbank...
»liblzo2-2« ist bereits in der angeforderten Version (2.10-2) installiert.
»liblzo2-2« ist bereits in der angeforderten Version (2.10-2) installiert.
Es werden keine Pakete installiert, aktualisiert oder entfernt.
0 Pakete aktualisiert, 0 zusätzlich installiert, 0 werden entfernt und 10 nicht aktualisiert.
0 B an Archiven müssen heruntergeladen werden. Nach dem Entpacken werden 0 B zusätzlich belegt sein.
Schreiben der erweiterten Statusinformationen...
Paketlisten werden gelesen...
Abhängigkeitsbaum wird aufgebaut....
Statusinformationen werden eingelesen....
Lesen der erweiterten Statusinformationen...
Initialisieren des Paketstatus'...
Schreiben der erweiterten Statusinformationen...
Erzeugen der Tag-Datenbank...
Paketlisten werden gelesen...
Abhängigkeitsbaum wird aufgebaut....
Statusinformationen werden eingelesen....
Lesen der erweiterten Statusinformationen...
Initialisieren des Paketstatus'...
Schreiben der erweiterten Statusinformationen...
Erzeugen der Tag-Datenbank...
»liblzo2-dev« ist bereits in der angeforderten Version (2.10-2) installiert.
»liblzo2-dev« ist bereits in der angeforderten Version (2.10-2) installiert.
Es werden keine Pakete installiert, aktualisiert oder entfernt.
0 Pakete aktualisiert, 0 zusätzlich installiert, 0 werden entfernt und 10 nicht aktualisiert.
0 B an Archiven müssen heruntergeladen werden. Nach dem Entpacken werden 0 B zusätzlich belegt sein.
Schreiben der erweiterten Statusinformationen...
Paketlisten werden gelesen...
Abhängigkeitsbaum wird aufgebaut....
Statusinformationen werden eingelesen....
Lesen der erweiterten Statusinformationen...
Initialisieren des Paketstatus'...
Schreiben der erweiterten Statusinformationen...
Erzeugen der Tag-Datenbank...
Paketlisten werden gelesen...
Abhängigkeitsbaum wird aufgebaut....
Statusinformationen werden eingelesen....
Lesen der erweiterten Statusinformationen...
Initialisieren des Paketstatus'...
Schreiben der erweiterten Statusinformationen...
Erzeugen der Tag-Datenbank...
Es konnte kein Paket gefunden werden, dessen Name oder Beschreibung auf »libgcrypt11-dev« passt.
Paketlisten werden gelesen...
Abhängigkeitsbaum wird aufgebaut....
Statusinformationen werden eingelesen....
Lesen der erweiterten Statusinformationen...
Initialisieren des Paketstatus'...
Schreiben der erweiterten Statusinformationen...
Erzeugen der Tag-Datenbank...
»e2fslibs-dev« ist bereits in der angeforderten Version (1.45.5-2ubuntu1) installiert.
»e2fslibs-dev« ist bereits in der angeforderten Version (1.45.5-2ubuntu1) installiert.
Es werden keine Pakete installiert, aktualisiert oder entfernt.
0 Pakete aktualisiert, 0 zusätzlich installiert, 0 werden entfernt und 10 nicht aktualisiert.
0 B an Archiven müssen heruntergeladen werden. Nach dem Entpacken werden 0 B zusätzlich belegt sein.
Schreiben der erweiterten Statusinformationen...
Paketlisten werden gelesen...
Abhängigkeitsbaum wird aufgebaut....
Statusinformationen werden eingelesen....
Lesen der erweiterten Statusinformationen...
Initialisieren des Paketstatus'...
Schreiben der erweiterten Statusinformationen...
Erzeugen der Tag-Datenbank...
Paketlisten werden gelesen...
Abhängigkeitsbaum wird aufgebaut....
Statusinformationen werden eingelesen....
Lesen der erweiterten Statusinformationen...
Initialisieren des Paketstatus'...
Schreiben der erweiterten Statusinformationen...
Erzeugen der Tag-Datenbank...
»libblkid-dev« ist bereits in der angeforderten Version (2.34-0.1ubuntu9) installiert.
»libblkid-dev« ist bereits in der angeforderten Version (2.34-0.1ubuntu9) installiert.
Es werden keine Pakete installiert, aktualisiert oder entfernt.
0 Pakete aktualisiert, 0 zusätzlich installiert, 0 werden entfernt und 10 nicht aktualisiert.
0 B an Archiven müssen heruntergeladen werden. Nach dem Entpacken werden 0 B zusätzlich belegt sein.
Schreiben der erweiterten Statusinformationen...
Paketlisten werden gelesen...
Abhängigkeitsbaum wird aufgebaut....
Statusinformationen werden eingelesen....
Lesen der erweiterten Statusinformationen...
Initialisieren des Paketstatus'...
Schreiben der erweiterten Statusinformationen...
Erzeugen der Tag-Datenbank...
Paketlisten werden gelesen...
Abhängigkeitsbaum wird aufgebaut....
Statusinformationen werden eingelesen....
Lesen der erweiterten Statusinformationen...
Initialisieren des Paketstatus'...
Schreiben der erweiterten Statusinformationen...
Erzeugen der Tag-Datenbank...
»libattr1-dev« ist bereits in der angeforderten Version (1:2.4.48-5) installiert.
»libattr1-dev« ist bereits in der angeforderten Version (1:2.4.48-5) installiert.
Es werden keine Pakete installiert, aktualisiert oder entfernt.
0 Pakete aktualisiert, 0 zusätzlich installiert, 0 werden entfernt und 10 nicht aktualisiert.
0 B an Archiven müssen heruntergeladen werden. Nach dem Entpacken werden 0 B zusätzlich belegt sein.
Schreiben der erweiterten Statusinformationen...
Paketlisten werden gelesen...
Abhängigkeitsbaum wird aufgebaut....
Statusinformationen werden eingelesen....
Lesen der erweiterten Statusinformationen...
Initialisieren des Paketstatus'...
Schreiben der erweiterten Statusinformationen...
Erzeugen der Tag-Datenbank...
Paketlisten werden gelesen...
Abhängigkeitsbaum wird aufgebaut....
Statusinformationen werden eingelesen....
Lesen der erweiterten Statusinformationen...
Initialisieren des Paketstatus'...
Schreiben der erweiterten Statusinformationen...
Erzeugen der Tag-Datenbank...
»build-essential« ist bereits in der angeforderten Version (12.8ubuntu1) installiert.
»build-essential« ist bereits in der angeforderten Version (12.8ubuntu1) installiert.
Es werden keine Pakete installiert, aktualisiert oder entfernt.
0 Pakete aktualisiert, 0 zusätzlich installiert, 0 werden entfernt und 10 nicht aktualisiert.
0 B an Archiven müssen heruntergeladen werden. Nach dem Entpacken werden 0 B zusätzlich belegt sein.
Schreiben der erweiterten Statusinformationen...
Paketlisten werden gelesen...
Abhängigkeitsbaum wird aufgebaut....
Statusinformationen werden eingelesen....
Lesen der erweiterten Statusinformationen...
Initialisieren des Paketstatus'...
Schreiben der erweiterten Statusinformationen...
Erzeugen der Tag-Datenbank...
Paketlisten werden gelesen...
Abhängigkeitsbaum wird aufgebaut....
Statusinformationen werden eingelesen....
Lesen der erweiterten Statusinformationen...
Initialisieren des Paketstatus'...
Schreiben der erweiterten Statusinformationen...
Erzeugen der Tag-Datenbank...
»qtbase5-dev« ist bereits in der angeforderten Version (5.12.8+dfsg-0ubuntu1) installiert.
»qtbase5-dev« ist bereits in der angeforderten Version (5.12.8+dfsg-0ubuntu1) installiert.
Es werden keine Pakete installiert, aktualisiert oder entfernt.
0 Pakete aktualisiert, 0 zusätzlich installiert, 0 werden entfernt und 10 nicht aktualisiert.
0 B an Archiven müssen heruntergeladen werden. Nach dem Entpacken werden 0 B zusätzlich belegt sein.
Schreiben der erweiterten Statusinformationen...
Paketlisten werden gelesen...
Abhängigkeitsbaum wird aufgebaut....
Statusinformationen werden eingelesen....
Lesen der erweiterten Statusinformationen...
Initialisieren des Paketstatus'...
Schreiben der erweiterten Statusinformationen...
Erzeugen der Tag-Datenbank...
Paketlisten werden gelesen...
Abhängigkeitsbaum wird aufgebaut....
Statusinformationen werden eingelesen....
Lesen der erweiterten Statusinformationen...
Initialisieren des Paketstatus'...
Schreiben der erweiterten Statusinformationen...
Erzeugen der Tag-Datenbank...
»qttools5-dev-tools« ist bereits in der angeforderten Version (5.12.8-0ubuntu1) installiert.
»qttools5-dev-tools« ist bereits in der angeforderten Version (5.12.8-0ubuntu1) installiert.
Es werden keine Pakete installiert, aktualisiert oder entfernt.
0 Pakete aktualisiert, 0 zusätzlich installiert, 0 werden entfernt und 10 nicht aktualisiert.
0 B an Archiven müssen heruntergeladen werden. Nach dem Entpacken werden 0 B zusätzlich belegt sein.
Schreiben der erweiterten Statusinformationen...
Paketlisten werden gelesen...
Abhängigkeitsbaum wird aufgebaut....
Statusinformationen werden eingelesen....
Lesen der erweiterten Statusinformationen...
Initialisieren des Paketstatus'...
Schreiben der erweiterten Statusinformationen...
Erzeugen der Tag-Datenbank...
Paketlisten werden gelesen...
Abhängigkeitsbaum wird aufgebaut....
Statusinformationen werden eingelesen....
Lesen der erweiterten Statusinformationen...
Initialisieren des Paketstatus'...
Schreiben der erweiterten Statusinformationen...
Erzeugen der Tag-Datenbank...
Kein Installationskandidat für btrfs-tools gefunden
Paketlisten werden gelesen...
Abhängigkeitsbaum wird aufgebaut....
Statusinformationen werden eingelesen....
Lesen der erweiterten Statusinformationen...
Initialisieren des Paketstatus'...
Schreiben der erweiterten Statusinformationen...
Erzeugen der Tag-Datenbank...
»gdisk« ist bereits in der angeforderten Version (1.0.5-1) installiert.
»gdisk« ist bereits in der angeforderten Version (1.0.5-1) installiert.
Es werden keine Pakete installiert, aktualisiert oder entfernt.
0 Pakete aktualisiert, 0 zusätzlich installiert, 0 werden entfernt und 10 nicht aktualisiert.
0 B an Archiven müssen heruntergeladen werden. Nach dem Entpacken werden 0 B zusätzlich belegt sein.
Schreiben der erweiterten Statusinformationen...
Paketlisten werden gelesen...
Abhängigkeitsbaum wird aufgebaut....
Statusinformationen werden eingelesen....
Lesen der erweiterten Statusinformationen...
Initialisieren des Paketstatus'...
Schreiben der erweiterten Statusinformationen...
Erzeugen der Tag-Datenbank...
Paketlisten werden gelesen...
Abhängigkeitsbaum wird aufgebaut....
Statusinformationen werden eingelesen....
Lesen der erweiterten Statusinformationen...
Initialisieren des Paketstatus'...
Schreiben der erweiterten Statusinformationen...
Erzeugen der Tag-Datenbank...
»sshfs« ist bereits in der angeforderten Version (3.6.0+repack+really2.10-0ubuntu1) installiert.
»sshfs« ist bereits in der angeforderten Version (3.6.0+repack+really2.10-0ubuntu1) installiert.
Es werden keine Pakete installiert, aktualisiert oder entfernt.
0 Pakete aktualisiert, 0 zusätzlich installiert, 0 werden entfernt und 10 nicht aktualisiert.
0 B an Archiven müssen heruntergeladen werden. Nach dem Entpacken werden 0 B zusätzlich belegt sein.
Schreiben der erweiterten Statusinformationen...
Paketlisten werden gelesen...
Abhängigkeitsbaum wird aufgebaut....
Statusinformationen werden eingelesen....
Lesen der erweiterten Statusinformationen...
Initialisieren des Paketstatus'...
Schreiben der erweiterten Statusinformationen...
Erzeugen der Tag-Datenbank...
Paketlisten werden gelesen...
Abhängigkeitsbaum wird aufgebaut....
Statusinformationen werden eingelesen....
Lesen der erweiterten Statusinformationen...
Initialisieren des Paketstatus'...
Schreiben der erweiterten Statusinformationen...
Erzeugen der Tag-Datenbank...
»sshpass« ist bereits in der angeforderten Version (1.06-1) installiert.
»sshpass« ist bereits in der angeforderten Version (1.06-1) installiert.
Es werden keine Pakete installiert, aktualisiert oder entfernt.
0 Pakete aktualisiert, 0 zusätzlich installiert, 0 werden entfernt und 10 nicht aktualisiert.
0 B an Archiven müssen heruntergeladen werden. Nach dem Entpacken werden 0 B zusätzlich belegt sein.
Schreiben der erweiterten Statusinformationen...
Paketlisten werden gelesen...
Abhängigkeitsbaum wird aufgebaut....
Statusinformationen werden eingelesen....
Lesen der erweiterten Statusinformationen...
Initialisieren des Paketstatus'...
Schreiben der erweiterten Statusinformationen...
Erzeugen der Tag-Datenbank...
Paketlisten werden gelesen...
Abhängigkeitsbaum wird aufgebaut....
Statusinformationen werden eingelesen....
Lesen der erweiterten Statusinformationen...
Initialisieren des Paketstatus'...
Schreiben der erweiterten Statusinformationen...
Erzeugen der Tag-Datenbank...
»nmap« ist bereits in der angeforderten Version (7.80+dfsg1-2build1) installiert.
»nmap« ist bereits in der angeforderten Version (7.80+dfsg1-2build1) installiert.
Es werden keine Pakete installiert, aktualisiert oder entfernt.
0 Pakete aktualisiert, 0 zusätzlich installiert, 0 werden entfernt und 10 nicht aktualisiert.
0 B an Archiven müssen heruntergeladen werden. Nach dem Entpacken werden 0 B zusätzlich belegt sein.
Schreiben der erweiterten Statusinformationen...
Paketlisten werden gelesen...
Abhängigkeitsbaum wird aufgebaut....
Statusinformationen werden eingelesen....
Lesen der erweiterten Statusinformationen...
Initialisieren des Paketstatus'...
Schreiben der erweiterten Statusinformationen...
Erzeugen der Tag-Datenbank...
Paketlisten werden gelesen...
Abhängigkeitsbaum wird aufgebaut....
Statusinformationen werden eingelesen....
Lesen der erweiterten Statusinformationen...
Initialisieren des Paketstatus'...
Schreiben der erweiterten Statusinformationen...
Erzeugen der Tag-Datenbank...
Keine Pakete mit dem Namen n gefunden, es gibt aber 44244 Pakete die »n« in deren Namen haben:
  (zu viel zum Anzeigen, das Limit ist 40)
Paketlisten werden gelesen...
Abhängigkeitsbaum wird aufgebaut....
Statusinformationen werden eingelesen....
Lesen der erweiterten Statusinformationen...
Initialisieren des Paketstatus'...
Schreiben der erweiterten Statusinformationen...
Erzeugen der Tag-Datenbank...
Keine Pakete mit dem Namen fs-kernel-server gefunden, es gibt aber 1 Pakete die »fs-kernel-server« in deren Namen haben:
  nfs-kernel-server 
Paketlisten werden gelesen...
Abhängigkeitsbaum wird aufgebaut....
Statusinformationen werden eingelesen....
Lesen der erweiterten Statusinformationen...
Initialisieren des Paketstatus'...
Schreiben der erweiterten Statusinformationen...
Erzeugen der Tag-Datenbank...
»nfs-common« ist bereits in der angeforderten Version (1:1.3.4-2.5ubuntu3.3) installiert.
»nfs-common« ist bereits in der angeforderten Version (1:1.3.4-2.5ubuntu3.3) installiert.
Es werden keine Pakete installiert, aktualisiert oder entfernt.
0 Pakete aktualisiert, 0 zusätzlich installiert, 0 werden entfernt und 10 nicht aktualisiert.
0 B an Archiven müssen heruntergeladen werden. Nach dem Entpacken werden 0 B zusätzlich belegt sein.
Schreiben der erweiterten Statusinformationen...
Paketlisten werden gelesen...
Abhängigkeitsbaum wird aufgebaut....
Statusinformationen werden eingelesen....
Lesen der erweiterten Statusinformationen...
Initialisieren des Paketstatus'...
Schreiben der erweiterten Statusinformationen...
Erzeugen der Tag-Datenbank...
Paketlisten werden gelesen...
Abhängigkeitsbaum wird aufgebaut....
Statusinformationen werden eingelesen....
Lesen der erweiterten Statusinformationen...
Initialisieren des Paketstatus'...
Schreiben der erweiterten Statusinformationen...
Erzeugen der Tag-Datenbank...
»smbclient« ist bereits in der angeforderten Version (2:4.11.6+dfsg-0ubuntu1.4) installiert.
»smbclient« ist bereits in der angeforderten Version (2:4.11.6+dfsg-0ubuntu1.4) installiert.
Es werden keine Pakete installiert, aktualisiert oder entfernt.
0 Pakete aktualisiert, 0 zusätzlich installiert, 0 werden entfernt und 10 nicht aktualisiert.
0 B an Archiven müssen heruntergeladen werden. Nach dem Entpacken werden 0 B zusätzlich belegt sein.
Schreiben der erweiterten Statusinformationen...
Paketlisten werden gelesen...
Abhängigkeitsbaum wird aufgebaut....
Statusinformationen werden eingelesen....
Lesen der erweiterten Statusinformationen...
Initialisieren des Paketstatus'...
Schreiben der erweiterten Statusinformationen...
Erzeugen der Tag-Datenbank...
Paketlisten werden gelesen...
Abhängigkeitsbaum wird aufgebaut....
Statusinformationen werden eingelesen....
Lesen der erweiterten Statusinformationen...
Initialisieren des Paketstatus'...
Schreiben der erweiterten Statusinformationen...
Erzeugen der Tag-Datenbank...
Kein Installationskandidat für gksu gefunden
Paketlisten werden gelesen...
Abhängigkeitsbaum wird aufgebaut....
Statusinformationen werden eingelesen....
Lesen der erweiterten Statusinformationen...
Initialisieren des Paketstatus'...
Schreiben der erweiterten Statusinformationen...
Erzeugen der Tag-Datenbank...
»liblz4-dev« ist bereits in der angeforderten Version (1.9.2-2) installiert.
»liblz4-dev« ist bereits in der angeforderten Version (1.9.2-2) installiert.
Es werden keine Pakete installiert, aktualisiert oder entfernt.
0 Pakete aktualisiert, 0 zusätzlich installiert, 0 werden entfernt und 10 nicht aktualisiert.
0 B an Archiven müssen heruntergeladen werden. Nach dem Entpacken werden 0 B zusätzlich belegt sein.
Schreiben der erweiterten Statusinformationen...
Paketlisten werden gelesen...
Abhängigkeitsbaum wird aufgebaut....
Statusinformationen werden eingelesen....
Lesen der erweiterten Statusinformationen...
Initialisieren des Paketstatus'...
Schreiben der erweiterten Statusinformationen...
Erzeugen der Tag-Datenbank...
Paketlisten werden gelesen...
Abhängigkeitsbaum wird aufgebaut....
Statusinformationen werden eingelesen....
Lesen der erweiterten Statusinformationen...
Initialisieren des Paketstatus'...
Schreiben der erweiterten Statusinformationen...
Erzeugen der Tag-Datenbank...
Es konnte kein Paket gefunden werden, dessen Name oder Beschreibung auf »libzstd1-dev« passt.
Paketlisten werden gelesen...
Abhängigkeitsbaum wird aufgebaut....
Statusinformationen werden eingelesen....
Lesen der erweiterten Statusinformationen...
Initialisieren des Paketstatus'...
Schreiben der erweiterten Statusinformationen...
Erzeugen der Tag-Datenbank...
»fsarchiver« ist bereits in der angeforderten Version (0.8.5-2) installiert.
»fsarchiver« ist bereits in der angeforderten Version (0.8.5-2) installiert.
Es werden keine Pakete installiert, aktualisiert oder entfernt.
0 Pakete aktualisiert, 0 zusätzlich installiert, 0 werden entfernt und 10 nicht aktualisiert.
0 B an Archiven müssen heruntergeladen werden. Nach dem Entpacken werden 0 B zusätzlich belegt sein.
Schreiben der erweiterten Statusinformationen...
Paketlisten werden gelesen...
Abhängigkeitsbaum wird aufgebaut....
Statusinformationen werden eingelesen....
Lesen der erweiterten Statusinformationen...
Initialisieren des Paketstatus'...
Schreiben der erweiterten Statusinformationen...
Erzeugen der Tag-Datenbank...
